Training F1 Micro Average:  0.87975
Test F1 Micro Average:  0.8667
Test Accuracy:  0.8667
Fitting 10 folds for each of 10 candidates, totalling 100 fits
[CV] subsample=0.6, reg_lambda=1, reg_alpha=0, n_estimators=100, min_child_weight=5, max_depth=2, learning_rate=0.1, gamma=1.5, colsample_bytree=1.0 
[CV]  subsample=0.6, reg_lambda=1, reg_alpha=0, n_estimators=100, min_child_weight=5, max_depth=2, learning_rate=0.1, gamma=1.5, colsample_bytree=1.0, score=0.843, total= 8.3min
[Parallel(n_jobs=1)]: Done   1 out of   1 | elapsed:  8.3min remaining:    0.0s
[CV] subsample=0.6, reg_lambda=1, reg_alpha=0, n_estimators=100, min_child_weight=5, max_depth=2, learning_rate=0.1, gamma=1.5, colsample_bytree=1.0 
[CV]  subsample=0.6, reg_lambda=1, reg_alpha=0, n_estimators=100, min_child_weight=5, max_depth=2, learning_rate=0.1, gamma=1.5, colsample_bytree=1.0, score=0.8436666666666667, total= 8.4min
[Parallel(n_jobs=1)]: Done   2 out of   2 | elapsed: 16.7min remaining:    0.0s
[CV] subsample=0.6, reg_lambda=1, reg_alpha=0, n_estimators=100, min_child_weight=5, max_depth=2, learning_rate=0.1, gamma=1.5, colsample_bytree=1.0 
[CV]  subsample=0.6, reg_lambda=1, reg_alpha=0, n_estimators=100, min_child_weight=5, max_depth=2, learning_rate=0.1, gamma=1.5, colsample_bytree=1.0, score=0.8416666666666667, total= 8.4min
[CV] subsample=0.6, reg_lambda=1, reg_alpha=0, n_estimators=100, min_child_weight=5, max_depth=2, learning_rate=0.1, gamma=1.5, colsample_bytree=1.0 
[CV]  subsample=0.6, reg_lambda=1, reg_alpha=0, n_estimators=100, min_child_weight=5, max_depth=2, learning_rate=0.1, gamma=1.5, colsample_bytree=1.0, score=0.8361666666666666, total= 8.4min
[CV] subsample=0.6, reg_lambda=1, reg_alpha=0, n_estimators=100, min_child_weight=5, max_depth=2, learning_rate=0.1, gamma=1.5, colsample_bytree=1.0 
[CV]  subsample=0.6, reg_lambda=1, reg_alpha=0, n_estimators=100, min_child_weight=5, max_depth=2, learning_rate=0.1, gamma=1.5, colsample_bytree=1.0, score=0.8473333333333334, total= 8.3min
[CV] subsample=0.6, reg_lambda=1, reg_alpha=0, n_estimators=100, min_child_weight=5, max_depth=2, learning_rate=0.1, gamma=1.5, colsample_bytree=1.0 
[CV]  subsample=0.6, reg_lambda=1, reg_alpha=0, n_estimators=100, min_child_weight=5, max_depth=2, learning_rate=0.1, gamma=1.5, colsample_bytree=1.0, score=0.8416666666666667, total= 8.3min
[CV] subsample=0.6, reg_lambda=1, reg_alpha=0, n_estimators=100, min_child_weight=5, max_depth=2, learning_rate=0.1, gamma=1.5, colsample_bytree=1.0 
[CV]  subsample=0.6, reg_lambda=1, reg_alpha=0, n_estimators=100, min_child_weight=5, max_depth=2, learning_rate=0.1, gamma=1.5, colsample_bytree=1.0, score=0.8415, total= 8.3min
[CV] subsample=0.6, reg_lambda=1, reg_alpha=0, n_estimators=100, min_child_weight=5, max_depth=2, learning_rate=0.1, gamma=1.5, colsample_bytree=1.0 
[CV]  subsample=0.6, reg_lambda=1, reg_alpha=0, n_estimators=100, min_child_weight=5, max_depth=2, learning_rate=0.1, gamma=1.5, colsample_bytree=1.0, score=0.8411666666666666, total= 8.3min
[CV] subsample=0.6, reg_lambda=1, reg_alpha=0, n_estimators=100, min_child_weight=5, max_depth=2, learning_rate=0.1, gamma=1.5, colsample_bytree=1.0 
[CV]  subsample=0.6, reg_lambda=1, reg_alpha=0, n_estimators=100, min_child_weight=5, max_depth=2, learning_rate=0.1, gamma=1.5, colsample_bytree=1.0, score=0.8391666666666666, total= 8.3min
[CV] subsample=0.6, reg_lambda=1, reg_alpha=0, n_estimators=100, min_child_weight=5, max_depth=2, learning_rate=0.1, gamma=1.5, colsample_bytree=1.0 
[CV]  subsample=0.6, reg_lambda=1, reg_alpha=0, n_estimators=100, min_child_weight=5, max_depth=2, learning_rate=0.1, gamma=1.5, colsample_bytree=1.0, score=0.844, total= 8.4min
[CV] subsample=0.4, reg_lambda=4.5, reg_alpha=1, n_estimators=100, min_child_weight=1, max_depth=2, learning_rate=0.01, gamma=2, colsample_bytree=0.8 
[CV]  subsample=0.4, reg_lambda=4.5, reg_alpha=1, n_estimators=100, min_child_weight=1, max_depth=2, learning_rate=0.01, gamma=2, colsample_bytree=0.8, score=0.7561666666666665, total= 7.3min
[CV] subsample=0.4, reg_lambda=4.5, reg_alpha=1, n_estimators=100, min_child_weight=1, max_depth=2, learning_rate=0.01, gamma=2, colsample_bytree=0.8 
[CV]  subsample=0.4, reg_lambda=4.5, reg_alpha=1, n_estimators=100, min_child_weight=1, max_depth=2, learning_rate=0.01, gamma=2, colsample_bytree=0.8, score=0.7596666666666667, total= 6.7min
[CV] subsample=0.4, reg_lambda=4.5, reg_alpha=1, n_estimators=100, min_child_weight=1, max_depth=2, learning_rate=0.01, gamma=2, colsample_bytree=0.8 
[CV]  subsample=0.4, reg_lambda=4.5, reg_alpha=1, n_estimators=100, min_child_weight=1, max_depth=2, learning_rate=0.01, gamma=2, colsample_bytree=0.8, score=0.757, total= 6.6min
[CV] subsample=0.4, reg_lambda=4.5, reg_alpha=1, n_estimators=100, min_child_weight=1, max_depth=2, learning_rate=0.01, gamma=2, colsample_bytree=0.8 
[CV]  subsample=0.4, reg_lambda=4.5, reg_alpha=1, n_estimators=100, min_child_weight=1, max_depth=2, learning_rate=0.01, gamma=2, colsample_bytree=0.8, score=0.7495, total= 6.6min
[CV] subsample=0.4, reg_lambda=4.5, reg_alpha=1, n_estimators=100, min_child_weight=1, max_depth=2, learning_rate=0.01, gamma=2, colsample_bytree=0.8 
[CV]  subsample=0.4, reg_lambda=4.5, reg_alpha=1, n_estimators=100, min_child_weight=1, max_depth=2, learning_rate=0.01, gamma=2, colsample_bytree=0.8, score=0.7571666666666667, total= 6.6min
[CV] subsample=0.4, reg_lambda=4.5, reg_alpha=1, n_estimators=100, min_child_weight=1, max_depth=2, learning_rate=0.01, gamma=2, colsample_bytree=0.8 
[CV]  subsample=0.4, reg_lambda=4.5, reg_alpha=1, n_estimators=100, min_child_weight=1, max_depth=2, learning_rate=0.01, gamma=2, colsample_bytree=0.8, score=0.7591666666666667, total= 6.5min
[CV] subsample=0.4, reg_lambda=4.5, reg_alpha=1, n_estimators=100, min_child_weight=1, max_depth=2, learning_rate=0.01, gamma=2, colsample_bytree=0.8 
[CV]  subsample=0.4, reg_lambda=4.5, reg_alpha=1, n_estimators=100, min_child_weight=1, max_depth=2, learning_rate=0.01, gamma=2, colsample_bytree=0.8, score=0.7511666666666666, total= 6.5min
[CV] subsample=0.4, reg_lambda=4.5, reg_alpha=1, n_estimators=100, min_child_weight=1, max_depth=2, learning_rate=0.01, gamma=2, colsample_bytree=0.8 
[CV]  subsample=0.4, reg_lambda=4.5, reg_alpha=1, n_estimators=100, min_child_weight=1, max_depth=2, learning_rate=0.01, gamma=2, colsample_bytree=0.8, score=0.7583333333333333, total= 6.5min
[CV] subsample=0.4, reg_lambda=4.5, reg_alpha=1, n_estimators=100, min_child_weight=1, max_depth=2, learning_rate=0.01, gamma=2, colsample_bytree=0.8 
[CV]  subsample=0.4, reg_lambda=4.5, reg_alpha=1, n_estimators=100, min_child_weight=1, max_depth=2, learning_rate=0.01, gamma=2, colsample_bytree=0.8, score=0.7595, total= 6.5min
[CV] subsample=0.4, reg_lambda=4.5, reg_alpha=1, n_estimators=100, min_child_weight=1, max_depth=2, learning_rate=0.01, gamma=2, colsample_bytree=0.8 
[CV]  subsample=0.4, reg_lambda=4.5, reg_alpha=1, n_estimators=100, min_child_weight=1, max_depth=2, learning_rate=0.01, gamma=2, colsample_bytree=0.8, score=0.7546666666666666, total= 6.5min
[CV] subsample=0.2, reg_lambda=4.5, reg_alpha=0.5, n_estimators=250, min_child_weight=1, max_depth=2, learning_rate=0.001, gamma=0.5, colsample_bytree=1.0 
[CV]  subsample=0.2, reg_lambda=4.5, reg_alpha=0.5, n_estimators=250, min_child_weight=1, max_depth=2, learning_rate=0.001, gamma=0.5, colsample_bytree=1.0, score=0.7201666666666666, total=15.0min
[CV] subsample=0.2, reg_lambda=4.5, reg_alpha=0.5, n_estimators=250, min_child_weight=1, max_depth=2, learning_rate=0.001, gamma=0.5, colsample_bytree=1.0 
[CV]  subsample=0.2, reg_lambda=4.5, reg_alpha=0.5, n_estimators=250, min_child_weight=1, max_depth=2, learning_rate=0.001, gamma=0.5, colsample_bytree=1.0, score=0.7271666666666665, total=15.0min
[CV] subsample=0.2, reg_lambda=4.5, reg_alpha=0.5, n_estimators=250, min_child_weight=1, max_depth=2, learning_rate=0.001, gamma=0.5, colsample_bytree=1.0 
[CV]  subsample=0.2, reg_lambda=4.5, reg_alpha=0.5, n_estimators=250, min_child_weight=1, max_depth=2, learning_rate=0.001, gamma=0.5, colsample_bytree=1.0, score=0.7165000000000001, total=15.0min
[CV] subsample=0.2, reg_lambda=4.5, reg_alpha=0.5, n_estimators=250, min_child_weight=1, max_depth=2, learning_rate=0.001, gamma=0.5, colsample_bytree=1.0 
[CV]  subsample=0.2, reg_lambda=4.5, reg_alpha=0.5, n_estimators=250, min_child_weight=1, max_depth=2, learning_rate=0.001, gamma=0.5, colsample_bytree=1.0, score=0.7178333333333333, total=15.1min
[CV] subsample=0.2, reg_lambda=4.5, reg_alpha=0.5, n_estimators=250, min_child_weight=1, max_depth=2, learning_rate=0.001, gamma=0.5, colsample_bytree=1.0 
[CV]  subsample=0.2, reg_lambda=4.5, reg_alpha=0.5, n_estimators=250, min_child_weight=1, max_depth=2, learning_rate=0.001, gamma=0.5, colsample_bytree=1.0, score=0.7283333333333334, total=15.0min
[CV] subsample=0.2, reg_lambda=4.5, reg_alpha=0.5, n_estimators=250, min_child_weight=1, max_depth=2, learning_rate=0.001, gamma=0.5, colsample_bytree=1.0 
[CV]  subsample=0.2, reg_lambda=4.5, reg_alpha=0.5, n_estimators=250, min_child_weight=1, max_depth=2, learning_rate=0.001, gamma=0.5, colsample_bytree=1.0, score=0.735, total=15.0min
[CV] subsample=0.2, reg_lambda=4.5, reg_alpha=0.5, n_estimators=250, min_child_weight=1, max_depth=2, learning_rate=0.001, gamma=0.5, colsample_bytree=1.0 
[CV]  subsample=0.2, reg_lambda=4.5, reg_alpha=0.5, n_estimators=250, min_child_weight=1, max_depth=2, learning_rate=0.001, gamma=0.5, colsample_bytree=1.0, score=0.72, total=15.0min
[CV] subsample=0.2, reg_lambda=4.5, reg_alpha=0.5, n_estimators=250, min_child_weight=1, max_depth=2, learning_rate=0.001, gamma=0.5, colsample_bytree=1.0 
[CV]  subsample=0.2, reg_lambda=4.5, reg_alpha=0.5, n_estimators=250, min_child_weight=1, max_depth=2, learning_rate=0.001, gamma=0.5, colsample_bytree=1.0, score=0.7285000000000001, total=15.0min
[CV] subsample=0.2, reg_lambda=4.5, reg_alpha=0.5, n_estimators=250, min_child_weight=1, max_depth=2, learning_rate=0.001, gamma=0.5, colsample_bytree=1.0 
[CV]  subsample=0.2, reg_lambda=4.5, reg_alpha=0.5, n_estimators=250, min_child_weight=1, max_depth=2, learning_rate=0.001, gamma=0.5, colsample_bytree=1.0, score=0.7263333333333335, total=15.0min
[CV] subsample=0.2, reg_lambda=4.5, reg_alpha=0.5, n_estimators=250, min_child_weight=1, max_depth=2, learning_rate=0.001, gamma=0.5, colsample_bytree=1.0 
[CV]  subsample=0.2, reg_lambda=4.5, reg_alpha=0.5, n_estimators=250, min_child_weight=1, max_depth=2, learning_rate=0.001, gamma=0.5, colsample_bytree=1.0, score=0.7226666666666667, total=15.0min
[CV] subsample=0.7, reg_lambda=1, reg_alpha=0, n_estimators=100, min_child_weight=7, max_depth=4, learning_rate=0.1, gamma=0.1, colsample_bytree=1.0 
[CV]  subsample=0.7, reg_lambda=1, reg_alpha=0, n_estimators=100, min_child_weight=7, max_depth=4, learning_rate=0.1, gamma=0.1, colsample_bytree=1.0, score=0.8828333333333334, total=14.7min
[CV] subsample=0.7, reg_lambda=1, reg_alpha=0, n_estimators=100, min_child_weight=7, max_depth=4, learning_rate=0.1, gamma=0.1, colsample_bytree=1.0 
[CV]  subsample=0.7, reg_lambda=1, reg_alpha=0, n_estimators=100, min_child_weight=7, max_depth=4, learning_rate=0.1, gamma=0.1, colsample_bytree=1.0, score=0.8763333333333333, total=14.8min
[CV] subsample=0.7, reg_lambda=1, reg_alpha=0, n_estimators=100, min_child_weight=7, max_depth=4, learning_rate=0.1, gamma=0.1, colsample_bytree=1.0 
[CV]  subsample=0.7, reg_lambda=1, reg_alpha=0, n_estimators=100, min_child_weight=7, max_depth=4, learning_rate=0.1, gamma=0.1, colsample_bytree=1.0, score=0.8795, total=14.8min
[CV] subsample=0.7, reg_lambda=1, reg_alpha=0, n_estimators=100, min_child_weight=7, max_depth=4, learning_rate=0.1, gamma=0.1, colsample_bytree=1.0 
[CV]  subsample=0.7, reg_lambda=1, reg_alpha=0, n_estimators=100, min_child_weight=7, max_depth=4, learning_rate=0.1, gamma=0.1, colsample_bytree=1.0, score=0.8761666666666666, total=14.8min
[CV] subsample=0.7, reg_lambda=1, reg_alpha=0, n_estimators=100, min_child_weight=7, max_depth=4, learning_rate=0.1, gamma=0.1, colsample_bytree=1.0 
[CV]  subsample=0.7, reg_lambda=1, reg_alpha=0, n_estimators=100, min_child_weight=7, max_depth=4, learning_rate=0.1, gamma=0.1, colsample_bytree=1.0, score=0.883, total=14.8min
[CV] subsample=0.7, reg_lambda=1, reg_alpha=0, n_estimators=100, min_child_weight=7, max_depth=4, learning_rate=0.1, gamma=0.1, colsample_bytree=1.0 
[CV]  subsample=0.7, reg_lambda=1, reg_alpha=0, n_estimators=100, min_child_weight=7, max_depth=4, learning_rate=0.1, gamma=0.1, colsample_bytree=1.0, score=0.8765, total=14.8min
[CV] subsample=0.7, reg_lambda=1, reg_alpha=0, n_estimators=100, min_child_weight=7, max_depth=4, learning_rate=0.1, gamma=0.1, colsample_bytree=1.0 
[CV]  subsample=0.7, reg_lambda=1, reg_alpha=0, n_estimators=100, min_child_weight=7, max_depth=4, learning_rate=0.1, gamma=0.1, colsample_bytree=1.0, score=0.8816666666666667, total=14.6min
[CV] subsample=0.7, reg_lambda=1, reg_alpha=0, n_estimators=100, min_child_weight=7, max_depth=4, learning_rate=0.1, gamma=0.1, colsample_bytree=1.0 
[CV]  subsample=0.7, reg_lambda=1, reg_alpha=0, n_estimators=100, min_child_weight=7, max_depth=4, learning_rate=0.1, gamma=0.1, colsample_bytree=1.0, score=0.8743333333333333, total=14.5min
[CV] subsample=0.7, reg_lambda=1, reg_alpha=0, n_estimators=100, min_child_weight=7, max_depth=4, learning_rate=0.1, gamma=0.1, colsample_bytree=1.0 
[CV]  subsample=0.7, reg_lambda=1, reg_alpha=0, n_estimators=100, min_child_weight=7, max_depth=4, learning_rate=0.1, gamma=0.1, colsample_bytree=1.0, score=0.8755, total=14.5min
[CV] subsample=0.7, reg_lambda=1, reg_alpha=0, n_estimators=100, min_child_weight=7, max_depth=4, learning_rate=0.1, gamma=0.1, colsample_bytree=1.0 
[CV]  subsample=0.7, reg_lambda=1, reg_alpha=0, n_estimators=100, min_child_weight=7, max_depth=4, learning_rate=0.1, gamma=0.1, colsample_bytree=1.0, score=0.8776666666666667, total=14.5min
[CV] subsample=0.5, reg_lambda=4.5, reg_alpha=1, n_estimators=500, min_child_weight=7, max_depth=10, learning_rate=0.001, gamma=0.01, colsample_bytree=1.0 
[CV]  subsample=0.5, reg_lambda=4.5, reg_alpha=1, n_estimators=500, min_child_weight=7, max_depth=10, learning_rate=0.001, gamma=0.01, colsample_bytree=1.0, score=0.8599999999999999, total=178.7min
[CV] subsample=0.5, reg_lambda=4.5, reg_alpha=1, n_estimators=500, min_child_weight=7, max_depth=10, learning_rate=0.001, gamma=0.01, colsample_bytree=1.0 
[CV]  subsample=0.5, reg_lambda=4.5, reg_alpha=1, n_estimators=500, min_child_weight=7, max_depth=10, learning_rate=0.001, gamma=0.01, colsample_bytree=1.0, score=0.8623333333333333, total=179.5min
[CV] subsample=0.5, reg_lambda=4.5, reg_alpha=1, n_estimators=500, min_child_weight=7, max_depth=10, learning_rate=0.001, gamma=0.01, colsample_bytree=1.0 
[CV]  subsample=0.5, reg_lambda=4.5, reg_alpha=1, n_estimators=500, min_child_weight=7, max_depth=10, learning_rate=0.001, gamma=0.01, colsample_bytree=1.0, score=0.8576666666666667, total=180.0min
[CV] subsample=0.5, reg_lambda=4.5, reg_alpha=1, n_estimators=500, min_child_weight=7, max_depth=10, learning_rate=0.001, gamma=0.01, colsample_bytree=1.0 
	[CV]  subsample=0.5, reg_lambda=4.5, reg_alpha=1, n_estimators=500, min_child_weight=7, max_depth=10, learning_rate=0.001, gamma=0.01, colsample_bytree=1.0, score=0.855, total=182.6min
[CV] subsample=0.5, reg_lambda=4.5, reg_alpha=1, n_estimators=500, min_child_weight=7, max_depth=10, learning_rate=0.001, gamma=0.01, colsample_bytree=1.0 
[CV]  subsample=0.5, reg_lambda=4.5, reg_alpha=1, n_estimators=500, min_child_weight=7, max_depth=10, learning_rate=0.001, gamma=0.01, colsample_bytree=1.0, score=0.8643333333333333, total=184.0min
[CV] subsample=0.5, reg_lambda=4.5, reg_alpha=1, n_estimators=500, min_child_weight=7, max_depth=10, learning_rate=0.001, gamma=0.01, colsample_bytree=1.0 
[CV]  subsample=0.5, reg_lambda=4.5, reg_alpha=1, n_estimators=500, min_child_weight=7, max_depth=10, learning_rate=0.001, gamma=0.01, colsample_bytree=1.0, score=0.8575, total=186.1min
[CV] subsample=0.5, reg_lambda=4.5, reg_alpha=1, n_estimators=500, min_child_weight=7, max_depth=10, learning_rate=0.001, gamma=0.01, colsample_bytree=1.0 
[CV]  subsample=0.5, reg_lambda=4.5, reg_alpha=1, n_estimators=500, min_child_weight=7, max_depth=10, learning_rate=0.001, gamma=0.01, colsample_bytree=1.0, score=0.8568333333333333, total=184.7min
[CV] subsample=0.5, reg_lambda=4.5, reg_alpha=1, n_estimators=500, min_child_weight=7, max_depth=10, learning_rate=0.001, gamma=0.01, colsample_bytree=1.0 
[CV]  subsample=0.5, reg_lambda=4.5, reg_alpha=1, n_estimators=500, min_child_weight=7, max_depth=10, learning_rate=0.001, gamma=0.01, colsample_bytree=1.0, score=0.8586666666666666, total=182.1min
[CV] subsample=0.5, reg_lambda=4.5, reg_alpha=1, n_estimators=500, min_child_weight=7, max_depth=10, learning_rate=0.001, gamma=0.01, colsample_bytree=1.0 
[CV]  subsample=0.5, reg_lambda=4.5, reg_alpha=1, n_estimators=500, min_child_weight=7, max_depth=10, learning_rate=0.001, gamma=0.01, colsample_bytree=1.0, score=0.8613333333333333, total=181.0min
[CV] subsample=0.5, reg_lambda=4.5, reg_alpha=1, n_estimators=500, min_child_weight=7, max_depth=10, learning_rate=0.001, gamma=0.01, colsample_bytree=1.0 
[CV]  subsample=0.5, reg_lambda=4.5, reg_alpha=1, n_estimators=500, min_child_weight=7, max_depth=10, learning_rate=0.001, gamma=0.01, colsample_bytree=1.0, score=0.8561666666666666, total=178.6min
[CV] subsample=0.7, reg_lambda=3, reg_alpha=1, n_estimators=100, min_child_weight=3, max_depth=10, learning_rate=0.001, gamma=0.01, colsample_bytree=0.6 
[CV]  subsample=0.7, reg_lambda=3, reg_alpha=1, n_estimators=100, min_child_weight=3, max_depth=10, learning_rate=0.001, gamma=0.01, colsample_bytree=0.6, score=0.8651666666666666, total=23.3min
[CV] subsample=0.7, reg_lambda=3, reg_alpha=1, n_estimators=100, min_child_weight=3, max_depth=10, learning_rate=0.001, gamma=0.01, colsample_bytree=0.6 
[CV]  subsample=0.7, reg_lambda=3, reg_alpha=1, n_estimators=100, min_child_weight=3, max_depth=10, learning_rate=0.001, gamma=0.01, colsample_bytree=0.6, score=0.87, total=23.5min
[CV] subsample=0.7, reg_lambda=3, reg_alpha=1, n_estimators=100, min_child_weight=3, max_depth=10, learning_rate=0.001, gamma=0.01, colsample_bytree=0.6 
[CV]  subsample=0.7, reg_lambda=3, reg_alpha=1, n_estimators=100, min_child_weight=3, max_depth=10, learning_rate=0.001, gamma=0.01, colsample_bytree=0.6, score=0.863, total=23.4min
[CV] subsample=0.7, reg_lambda=3, reg_alpha=1, n_estimators=100, min_child_weight=3, max_depth=10, learning_rate=0.001, gamma=0.01, colsample_bytree=0.6 
[CV]  subsample=0.7, reg_lambda=3, reg_alpha=1, n_estimators=100, min_child_weight=3, max_depth=10, learning_rate=0.001, gamma=0.01, colsample_bytree=0.6, score=0.8628333333333332, total=23.3min
[CV] subsample=0.7, reg_lambda=3, reg_alpha=1, n_estimators=100, min_child_weight=3, max_depth=10, learning_rate=0.001, gamma=0.01, colsample_bytree=0.6 
[CV]  subsample=0.7, reg_lambda=3, reg_alpha=1, n_estimators=100, min_child_weight=3, max_depth=10, learning_rate=0.001, gamma=0.01, colsample_bytree=0.6, score=0.868, total=23.4min
[CV] subsample=0.7, reg_lambda=3, reg_alpha=1, n_estimators=100, min_child_weight=3, max_depth=10, learning_rate=0.001, gamma=0.01, colsample_bytree=0.6 
[CV]  subsample=0.7, reg_lambda=3, reg_alpha=1, n_estimators=100, min_child_weight=3, max_depth=10, learning_rate=0.001, gamma=0.01, colsample_bytree=0.6, score=0.863, total=23.3min
[CV] subsample=0.7, reg_lambda=3, reg_alpha=1, n_estimators=100, min_child_weight=3, max_depth=10, learning_rate=0.001, gamma=0.01, colsample_bytree=0.6 
[CV]  subsample=0.7, reg_lambda=3, reg_alpha=1, n_estimators=100, min_child_weight=3, max_depth=10, learning_rate=0.001, gamma=0.01, colsample_bytree=0.6, score=0.8633333333333333, total=23.4min
[CV] subsample=0.7, reg_lambda=3, reg_alpha=1, n_estimators=100, min_child_weight=3, max_depth=10, learning_rate=0.001, gamma=0.01, colsample_bytree=0.6 
[CV]  subsample=0.7, reg_lambda=3, reg_alpha=1, n_estimators=100, min_child_weight=3, max_depth=10, learning_rate=0.001, gamma=0.01, colsample_bytree=0.6, score=0.8643333333333333, total=23.3min
[CV] subsample=0.7, reg_lambda=3, reg_alpha=1, n_estimators=100, min_child_weight=3, max_depth=10, learning_rate=0.001, gamma=0.01, colsample_bytree=0.6 
[CV]  subsample=0.7, reg_lambda=3, reg_alpha=1, n_estimators=100, min_child_weight=3, max_depth=10, learning_rate=0.001, gamma=0.01, colsample_bytree=0.6, score=0.8661666666666666, total=23.5min
[CV] subsample=0.7, reg_lambda=3, reg_alpha=1, n_estimators=100, min_child_weight=3, max_depth=10, learning_rate=0.001, gamma=0.01, colsample_bytree=0.6 
[CV]  subsample=0.7, reg_lambda=3, reg_alpha=1, n_estimators=100, min_child_weight=3, max_depth=10, learning_rate=0.001, gamma=0.01, colsample_bytree=0.6, score=0.8618333333333333, total=23.9min
[CV] subsample=0.7, reg_lambda=1, reg_alpha=0.5, n_estimators=250, min_child_weight=7, max_depth=7, learning_rate=0.001, gamma=0.3, colsample_bytree=0.6 
[CV]  subsample=0.7, reg_lambda=1, reg_alpha=0.5, n_estimators=250, min_child_weight=7, max_depth=7, learning_rate=0.001, gamma=0.3, colsample_bytree=0.6, score=0.8543333333333333, total=41.6min
[CV] subsample=0.7, reg_lambda=1, reg_alpha=0.5, n_estimators=250, min_child_weight=7, max_depth=7, learning_rate=0.001, gamma=0.3, colsample_bytree=0.6 
[CV]  subsample=0.7, reg_lambda=1, reg_alpha=0.5, n_estimators=250, min_child_weight=7, max_depth=7, learning_rate=0.001, gamma=0.3, colsample_bytree=0.6, score=0.8565, total=41.9min
[CV] subsample=0.7, reg_lambda=1, reg_alpha=0.5, n_estimators=250, min_child_weight=7, max_depth=7, learning_rate=0.001, gamma=0.3, colsample_bytree=0.6 
[CV]  subsample=0.7, reg_lambda=1, reg_alpha=0.5, n_estimators=250, min_child_weight=7, max_depth=7, learning_rate=0.001, gamma=0.3, colsample_bytree=0.6, score=0.8531666666666666, total=41.2min
[CV] subsample=0.7, reg_lambda=1, reg_alpha=0.5, n_estimators=250, min_child_weight=7, max_depth=7, learning_rate=0.001, gamma=0.3, colsample_bytree=0.6 
[CV]  subsample=0.7, reg_lambda=1, reg_alpha=0.5, n_estimators=250, min_child_weight=7, max_depth=7, learning_rate=0.001, gamma=0.3, colsample_bytree=0.6, score=0.8513333333333334, total=41.6min
[CV] subsample=0.7, reg_lambda=1, reg_alpha=0.5, n_estimators=250, min_child_weight=7, max_depth=7, learning_rate=0.001, gamma=0.3, colsample_bytree=0.6 
[CV]  subsample=0.7, reg_lambda=1, reg_alpha=0.5, n_estimators=250, min_child_weight=7, max_depth=7, learning_rate=0.001, gamma=0.3, colsample_bytree=0.6, score=0.8578333333333333, total=40.8min
[CV] subsample=0.7, reg_lambda=1, reg_alpha=0.5, n_estimators=250, min_child_weight=7, max_depth=7, learning_rate=0.001, gamma=0.3, colsample_bytree=0.6 
[CV]  subsample=0.7, reg_lambda=1, reg_alpha=0.5, n_estimators=250, min_child_weight=7, max_depth=7, learning_rate=0.001, gamma=0.3, colsample_bytree=0.6, score=0.8563333333333333, total=40.9min
[CV] subsample=0.7, reg_lambda=1, reg_alpha=0.5, n_estimators=250, min_child_weight=7, max_depth=7, learning_rate=0.001, gamma=0.3, colsample_bytree=0.6 
[CV]  subsample=0.7, reg_lambda=1, reg_alpha=0.5, n_estimators=250, min_child_weight=7, max_depth=7, learning_rate=0.001, gamma=0.3, colsample_bytree=0.6, score=0.8525, total=41.5min
[CV] subsample=0.7, reg_lambda=1, reg_alpha=0.5, n_estimators=250, min_child_weight=7, max_depth=7, learning_rate=0.001, gamma=0.3, colsample_bytree=0.6 
[CV]  subsample=0.7, reg_lambda=1, reg_alpha=0.5, n_estimators=250, min_child_weight=7, max_depth=7, learning_rate=0.001, gamma=0.3, colsample_bytree=0.6, score=0.8548333333333333, total=41.7min
[CV] subsample=0.7, reg_lambda=1, reg_alpha=0.5, n_estimators=250, min_child_weight=7, max_depth=7, learning_rate=0.001, gamma=0.3, colsample_bytree=0.6 
[CV]  subsample=0.7, reg_lambda=1, reg_alpha=0.5, n_estimators=250, min_child_weight=7, max_depth=7, learning_rate=0.001, gamma=0.3, colsample_bytree=0.6, score=0.8585, total=42.1min
[CV] subsample=0.7, reg_lambda=1, reg_alpha=0.5, n_estimators=250, min_child_weight=7, max_depth=7, learning_rate=0.001, gamma=0.3, colsample_bytree=0.6 
[CV]  subsample=0.7, reg_lambda=1, reg_alpha=0.5, n_estimators=250, min_child_weight=7, max_depth=7, learning_rate=0.001, gamma=0.3, colsample_bytree=0.6, score=0.8483333333333335, total=41.9min
[CV] subsample=0.4, reg_lambda=1.5, reg_alpha=0, n_estimators=1000, min_child_weight=1, max_depth=7, learning_rate=0.01, gamma=0.3, colsample_bytree=0.6 
[CV]  subsample=0.4, reg_lambda=1.5, reg_alpha=0, n_estimators=1000, min_child_weight=1, max_depth=7, learning_rate=0.01, gamma=0.3, colsample_bytree=0.6, score=0.8991666666666668, total=163.8min
[CV] subsample=0.4, reg_lambda=1.5, reg_alpha=0, n_estimators=1000, min_child_weight=1, max_depth=7, learning_rate=0.01, gamma=0.3, colsample_bytree=0.6 
[CV]  subsample=0.4, reg_lambda=1.5, reg_alpha=0, n_estimators=1000, min_child_weight=1, max_depth=7, learning_rate=0.01, gamma=0.3, colsample_bytree=0.6, score=0.8951666666666667, total=162.9min
[CV] subsample=0.4, reg_lambda=1.5, reg_alpha=0, n_estimators=1000, min_child_weight=1, max_depth=7, learning_rate=0.01, gamma=0.3, colsample_bytree=0.6 
[CV]  subsample=0.4, reg_lambda=1.5, reg_alpha=0, n_estimators=1000, min_child_weight=1, max_depth=7, learning_rate=0.01, gamma=0.3, colsample_bytree=0.6, score=0.8975, total=163.1min
[CV] subsample=0.4, reg_lambda=1.5, reg_alpha=0, n_estimators=1000, min_child_weight=1, max_depth=7, learning_rate=0.01, gamma=0.3, colsample_bytree=0.6 
[CV]  subsample=0.4, reg_lambda=1.5, reg_alpha=0, n_estimators=1000, min_child_weight=1, max_depth=7, learning_rate=0.01, gamma=0.3, colsample_bytree=0.6, score=0.8995, total=163.0min
[CV] subsample=0.4, reg_lambda=1.5, reg_alpha=0, n_estimators=1000, min_child_weight=1, max_depth=7, learning_rate=0.01, gamma=0.3, colsample_bytree=0.6 
[CV]  subsample=0.4, reg_lambda=1.5, reg_alpha=0, n_estimators=1000, min_child_weight=1, max_depth=7, learning_rate=0.01, gamma=0.3, colsample_bytree=0.6, score=0.9048333333333334, total=162.5min
[CV] subsample=0.4, reg_lambda=1.5, reg_alpha=0, n_estimators=1000, min_child_weight=1, max_depth=7, learning_rate=0.01, gamma=0.3, colsample_bytree=0.6 
[CV]  subsample=0.4, reg_lambda=1.5, reg_alpha=0, n_estimators=1000, min_child_weight=1, max_depth=7, learning_rate=0.01, gamma=0.3, colsample_bytree=0.6, score=0.898, total=163.2min
[CV] subsample=0.4, reg_lambda=1.5, reg_alpha=0, n_estimators=1000, min_child_weight=1, max_depth=7, learning_rate=0.01, gamma=0.3, colsample_bytree=0.6 
[CV]  subsample=0.4, reg_lambda=1.5, reg_alpha=0, n_estimators=1000, min_child_weight=1, max_depth=7, learning_rate=0.01, gamma=0.3, colsample_bytree=0.6, score=0.899, total=163.1min
[CV] subsample=0.4, reg_lambda=1.5, reg_alpha=0, n_estimators=1000, min_child_weight=1, max_depth=7, learning_rate=0.01, gamma=0.3, colsample_bytree=0.6 
[CV]  subsample=0.4, reg_lambda=1.5, reg_alpha=0, n_estimators=1000, min_child_weight=1, max_depth=7, learning_rate=0.01, gamma=0.3, colsample_bytree=0.6, score=0.8951666666666667, total=160.3min
[CV] subsample=0.4, reg_lambda=1.5, reg_alpha=0, n_estimators=1000, min_child_weight=1, max_depth=7, learning_rate=0.01, gamma=0.3, colsample_bytree=0.6 
[CV]  subsample=0.4, reg_lambda=1.5, reg_alpha=0, n_estimators=1000, min_child_weight=1, max_depth=7, learning_rate=0.01, gamma=0.3, colsample_bytree=0.6, score=0.8973333333333333, total=160.8min
[CV] subsample=0.4, reg_lambda=1.5, reg_alpha=0, n_estimators=1000, min_child_weight=1, max_depth=7, learning_rate=0.01, gamma=0.3, colsample_bytree=0.6 
[CV]  subsample=0.4, reg_lambda=1.5, reg_alpha=0, n_estimators=1000, min_child_weight=1, max_depth=7, learning_rate=0.01, gamma=0.3, colsample_bytree=0.6, score=0.8936666666666667, total=157.2min
[CV] subsample=0.7, reg_lambda=3, reg_alpha=0, n_estimators=250, min_child_weight=7, max_depth=10, learning_rate=0.01, gamma=0.3, colsample_bytree=1.0 
[CV]  subsample=0.7, reg_lambda=3, reg_alpha=0, n_estimators=250, min_child_weight=7, max_depth=10, learning_rate=0.01, gamma=0.3, colsample_bytree=1.0, score=0.8828333333333334, total=89.3min
[CV] subsample=0.7, reg_lambda=3, reg_alpha=0, n_estimators=250, min_child_weight=7, max_depth=10, learning_rate=0.01, gamma=0.3, colsample_bytree=1.0 
[CV]  subsample=0.7, reg_lambda=3, reg_alpha=0, n_estimators=250, min_child_weight=7, max_depth=10, learning_rate=0.01, gamma=0.3, colsample_bytree=1.0, score=0.8821666666666667, total=89.3min
[CV] subsample=0.7, reg_lambda=3, reg_alpha=0, n_estimators=250, min_child_weight=7, max_depth=10, learning_rate=0.01, gamma=0.3, colsample_bytree=1.0 
[CV]  subsample=0.7, reg_lambda=3, reg_alpha=0, n_estimators=250, min_child_weight=7, max_depth=10, learning_rate=0.01, gamma=0.3, colsample_bytree=1.0, score=0.8826666666666667, total=89.7min
[CV] subsample=0.7, reg_lambda=3, reg_alpha=0, n_estimators=250, min_child_weight=7, max_depth=10, learning_rate=0.01, gamma=0.3, colsample_bytree=1.0 
[CV]  subsample=0.7, reg_lambda=3, reg_alpha=0, n_estimators=250, min_child_weight=7, max_depth=10, learning_rate=0.01, gamma=0.3, colsample_bytree=1.0, score=0.8796666666666667, total=89.2min
[CV] subsample=0.7, reg_lambda=3, reg_alpha=0, n_estimators=250, min_child_weight=7, max_depth=10, learning_rate=0.01, gamma=0.3, colsample_bytree=1.0 
[CV]  subsample=0.7, reg_lambda=3, reg_alpha=0, n_estimators=250, min_child_weight=7, max_depth=10, learning_rate=0.01, gamma=0.3, colsample_bytree=1.0, score=0.8808333333333332, total=89.1min
[CV] subsample=0.7, reg_lambda=3, reg_alpha=0, n_estimators=250, min_child_weight=7, max_depth=10, learning_rate=0.01, gamma=0.3, colsample_bytree=1.0 
[CV]  subsample=0.7, reg_lambda=3, reg_alpha=0, n_estimators=250, min_child_weight=7, max_depth=10, learning_rate=0.01, gamma=0.3, colsample_bytree=1.0, score=0.8795, total=89.2min
[CV] subsample=0.7, reg_lambda=3, reg_alpha=0, n_estimators=250, min_child_weight=7, max_depth=10, learning_rate=0.01, gamma=0.3, colsample_bytree=1.0 
[CV]  subsample=0.7, reg_lambda=3, reg_alpha=0, n_estimators=250, min_child_weight=7, max_depth=10, learning_rate=0.01, gamma=0.3, colsample_bytree=1.0, score=0.8833333333333333, total=89.3min
[CV] subsample=0.7, reg_lambda=3, reg_alpha=0, n_estimators=250, min_child_weight=7, max_depth=10, learning_rate=0.01, gamma=0.3, colsample_bytree=1.0 
[CV]  subsample=0.7, reg_lambda=3, reg_alpha=0, n_estimators=250, min_child_weight=7, max_depth=10, learning_rate=0.01, gamma=0.3, colsample_bytree=1.0, score=0.8768333333333334, total=89.1min
[CV] subsample=0.7, reg_lambda=3, reg_alpha=0, n_estimators=250, min_child_weight=7, max_depth=10, learning_rate=0.01, gamma=0.3, colsample_bytree=1.0 
[CV]  subsample=0.7, reg_lambda=3, reg_alpha=0, n_estimators=250, min_child_weight=7, max_depth=10, learning_rate=0.01, gamma=0.3, colsample_bytree=1.0, score=0.8816666666666667, total=89.5min
[CV] subsample=0.7, reg_lambda=3, reg_alpha=0, n_estimators=250, min_child_weight=7, max_depth=10, learning_rate=0.01, gamma=0.3, colsample_bytree=1.0 
[CV]  subsample=0.7, reg_lambda=3, reg_alpha=0, n_estimators=250, min_child_weight=7, max_depth=10, learning_rate=0.01, gamma=0.3, colsample_bytree=1.0, score=0.8785, total=88.7min
[CV] subsample=0.4, reg_lambda=2, reg_alpha=0.5, n_estimators=250, min_child_weight=7, max_depth=7, learning_rate=0.001, gamma=2, colsample_bytree=0.6 
[CV]  subsample=0.4, reg_lambda=2, reg_alpha=0.5, n_estimators=250, min_child_weight=7, max_depth=7, learning_rate=0.001, gamma=2, colsample_bytree=0.6, score=0.8518333333333333, total=39.5min
[CV] subsample=0.4, reg_lambda=2, reg_alpha=0.5, n_estimators=250, min_child_weight=7, max_depth=7, learning_rate=0.001, gamma=2, colsample_bytree=0.6 
[CV]  subsample=0.4, reg_lambda=2, reg_alpha=0.5, n_estimators=250, min_child_weight=7, max_depth=7, learning_rate=0.001, gamma=2, colsample_bytree=0.6, score=0.8545, total=39.6min
[CV] subsample=0.4, reg_lambda=2, reg_alpha=0.5, n_estimators=250, min_child_weight=7, max_depth=7, learning_rate=0.001, gamma=2, colsample_bytree=0.6 
[CV]  subsample=0.4, reg_lambda=2, reg_alpha=0.5, n_estimators=250, min_child_weight=7, max_depth=7, learning_rate=0.001, gamma=2, colsample_bytree=0.6, score=0.8473333333333334, total=39.6min
[CV] subsample=0.4, reg_lambda=2, reg_alpha=0.5, n_estimators=250, min_child_weight=7, max_depth=7, learning_rate=0.001, gamma=2, colsample_bytree=0.6 
[CV]  subsample=0.4, reg_lambda=2, reg_alpha=0.5, n_estimators=250, min_child_weight=7, max_depth=7, learning_rate=0.001, gamma=2, colsample_bytree=0.6, score=0.8471666666666667, total=39.6min
[CV] subsample=0.4, reg_lambda=2, reg_alpha=0.5, n_estimators=250, min_child_weight=7, max_depth=7, learning_rate=0.001, gamma=2, colsample_bytree=0.6 
[CV]  subsample=0.4, reg_lambda=2, reg_alpha=0.5, n_estimators=250, min_child_weight=7, max_depth=7, learning_rate=0.001, gamma=2, colsample_bytree=0.6, score=0.8576666666666667, total=39.6min
[CV] subsample=0.4, reg_lambda=2, reg_alpha=0.5, n_estimators=250, min_child_weight=7, max_depth=7, learning_rate=0.001, gamma=2, colsample_bytree=0.6 
[CV]  subsample=0.4, reg_lambda=2, reg_alpha=0.5, n_estimators=250, min_child_weight=7, max_depth=7, learning_rate=0.001, gamma=2, colsample_bytree=0.6, score=0.8536666666666667, total=39.6min
[CV] subsample=0.4, reg_lambda=2, reg_alpha=0.5, n_estimators=250, min_child_weight=7, max_depth=7, learning_rate=0.001, gamma=2, colsample_bytree=0.6 
[CV]  subsample=0.4, reg_lambda=2, reg_alpha=0.5, n_estimators=250, min_child_weight=7, max_depth=7, learning_rate=0.001, gamma=2, colsample_bytree=0.6, score=0.8475, total=39.6min
[CV] subsample=0.4, reg_lambda=2, reg_alpha=0.5, n_estimators=250, min_child_weight=7, max_depth=7, learning_rate=0.001, gamma=2, colsample_bytree=0.6 
[CV]  subsample=0.4, reg_lambda=2, reg_alpha=0.5, n_estimators=250, min_child_weight=7, max_depth=7, learning_rate=0.001, gamma=2, colsample_bytree=0.6, score=0.8518333333333333, total=39.5min
[CV] subsample=0.4, reg_lambda=2, reg_alpha=0.5, n_estimators=250, min_child_weight=7, max_depth=7, learning_rate=0.001, gamma=2, colsample_bytree=0.6 
[CV]  subsample=0.4, reg_lambda=2, reg_alpha=0.5, n_estimators=250, min_child_weight=7, max_depth=7, learning_rate=0.001, gamma=2, colsample_bytree=0.6, score=0.8528333333333333, total=39.6min
[CV] subsample=0.4, reg_lambda=2, reg_alpha=0.5, n_estimators=250, min_child_weight=7, max_depth=7, learning_rate=0.001, gamma=2, colsample_bytree=0.6 
[CV]  subsample=0.4, reg_lambda=2, reg_alpha=0.5, n_estimators=250, min_child_weight=7, max_depth=7, learning_rate=0.001, gamma=2, colsample_bytree=0.6, score=0.8453333333333333, total=39.6min
[Parallel(n_jobs=1)]: Done 100 out of 100 | elapsed: 5839.2min finished
Learning Rate:  0.01
Gamma:  0.3
Max Depth:  7
Subsample:  0.4
Max Features at Split:  0.6
Alpha:  0
Lamda:  1.5
Minimum Sum of the Instance Weight Hessian to Make a Child:  1
Number of Trees:  1000
Training F1 Micro Average:  0.9708666666666667
Test F1 Micro Average:  0.9035
Test Accuracy:  0.9035

